<?xml version="1.0" encoding="UTF-8"?>
<!-- Generated by org.testng.reporters.JUnitReportReporter -->
<testsuite name="test.java.webAutomation.SeleniumWebTestCase" tests="1" time="44.310" ignored="0" failures="0" timestamp="08 May 2020 09:39:20 GMT" skipped="0" hostname="E0273823" errors="0">
  <testcase name="fchromeCase" time="44.310" classname="test.java.webAutomation.SeleniumWebTestCase"/>
</testsuite> <!-- test.java.webAutomation.SeleniumWebTestCase -->
