<?xml version="1.0" encoding="UTF-8"?>
<!-- Generated by org.testng.reporters.JUnitReportReporter -->
<testsuite name="test.java.practiseAutomation.TestNGPractice" tests="1" time="0.001" ignored="0" failures="0" timestamp="30 Apr 2020 06:47:54 GMT" skipped="0" hostname="E0273823" errors="0">
  <testcase name="f" time="0.001" classname="test.java.practiseAutomation.TestNGPractice"/>
</testsuite> <!-- test.java.practiseAutomation.TestNGPractice -->
